<?xml version='1.0' encoding='UTF-8'?>
<testsuite hostname="Basilas-MacBook-Pro.local" name="com.example.ranking.tests.IntegrationSpec" tests="3" errors="0" failures="0" skipped="0" time="0.211" timestamp="2025-09-05T23:01:42">
          <properties>
[...]
</properties>
          <testcase classname="com.example.ranking.tests.IntegrationSpec" name="RankingService should handle requests without config" time="0.089">
                      
                    </testcase><testcase classname="com.example.ranking.tests.IntegrationSpec" name="RankingService should handle requests with valid config" time="0.108">
                      
                    </testcase><testcase classname="com.example.ranking.tests.IntegrationSpec" name="RankingService should reject invalid configurations" time="0.014">
                      
                    </testcase>
          <system-out><![CDATA[]]></system-out>
          <system-err><![CDATA[]]></system-err>
        </testsuite>